<?xml version="1.0" encoding="UTF-8"?>
<testng-results total="2" passed="2" failed="0" skipped="0">
  <reporter-output>
  </reporter-output>
  <suite started-at="2018-04-07T09:20:44Z" name="Default suite" finished-at="2018-04-07T09:21:28Z" duration-ms="43713">
    <groups>
    </groups>
    <test started-at="2018-04-07T09:20:44Z" name="Default test" finished-at="2018-04-07T09:21:28Z" duration-ms="43713">
      <class name="actitime1.annotation_usage">
        <test-method is-config="true" signature="openbrowserTest()[pri:0, instance:actitime1.annotation_usage@49e5f737]" started-at="2018-04-07T14:50:44Z" name="openbrowserTest" finished-at="2018-04-07T14:51:08Z" duration-ms="23635" status="PASS">
          <reporter-output>
          </reporter-output>
        </test-method> <!-- openbrowserTest -->
        <test-method is-config="true" signature="loginpageTest()[pri:0, instance:actitime1.annotation_usage@49e5f737]" started-at="2018-04-07T14:51:08Z" name="loginpageTest" finished-at="2018-04-07T14:51:08Z" duration-ms="379" status="PASS">
          <reporter-output>
          </reporter-output>
        </test-method> <!-- loginpageTest -->
        <test-method signature="verifyHomePageTest()[pri:0, instance:actitime1.annotation_usage@49e5f737]" started-at="2018-04-07T14:51:08Z" name="verifyHomePageTest" finished-at="2018-04-07T14:51:23Z" duration-ms="14279" status="PASS">
          <reporter-output>
          </reporter-output>
        </test-method> <!-- verifyHomePageTest -->
        <test-method is-config="true" signature="logoutTest()[pri:0, instance:actitime1.annotation_usage@49e5f737]" started-at="2018-04-07T14:51:23Z" name="logoutTest" finished-at="2018-04-07T14:51:23Z" duration-ms="219" status="PASS">
          <reporter-output>
          </reporter-output>
        </test-method> <!-- logoutTest -->
        <test-method is-config="true" signature="loginpageTest()[pri:0, instance:actitime1.annotation_usage@49e5f737]" started-at="2018-04-07T14:51:23Z" name="loginpageTest" finished-at="2018-04-07T14:51:26Z" duration-ms="3126" status="PASS">
          <reporter-output>
          </reporter-output>
        </test-method> <!-- loginpageTest -->
        <test-method signature="verifyLogoTest()[pri:0, instance:actitime1.annotation_usage@49e5f737]" started-at="2018-04-07T14:51:26Z" name="verifyLogoTest" finished-at="2018-04-07T14:51:27Z" duration-ms="882" status="PASS">
          <reporter-output>
          </reporter-output>
        </test-method> <!-- verifyLogoTest -->
        <test-method is-config="true" signature="logoutTest()[pri:0, instance:actitime1.annotation_usage@49e5f737]" started-at="2018-04-07T14:51:27Z" name="logoutTest" finished-at="2018-04-07T14:51:27Z" duration-ms="242" status="PASS">
          <reporter-output>
          </reporter-output>
        </test-method> <!-- logoutTest -->
        <test-method is-config="true" signature="closeBowserTest()[pri:0, instance:actitime1.annotation_usage@49e5f737]" started-at="2018-04-07T14:51:27Z" name="closeBowserTest" finished-at="2018-04-07T14:51:28Z" duration-ms="935" status="PASS">
          <reporter-output>
          </reporter-output>
        </test-method> <!-- closeBowserTest -->
      </class> <!-- actitime1.annotation_usage -->
    </test> <!-- Default test -->
  </suite> <!-- Default suite -->
</testng-results>
